<?xml version="1.0" encoding="UTF-8"?>
<testsuite name="pt.up.fe.ldts.example6.TreeTest" tests="6" skipped="0" failures="0" errors="0" timestamp="2022-01-03T11:11:13" hostname="greyhound.Home" time="0.008">
  <properties/>
  <testcase name="testTreeSetLocation()" classname="pt.up.fe.ldts.example6.TreeTest" time="0.002"/>
  <testcase name="testToString()" classname="pt.up.fe.ldts.example6.TreeTest" time="0.001"/>
  <testcase name="testAddAppraisal()" classname="pt.up.fe.ldts.example6.TreeTest" time="0.001"/>
  <testcase name="testNextAppraisalNotOverdue()" classname="pt.up.fe.ldts.example6.TreeTest" time="0.001"/>
  <testcase name="testTreeCreation()" classname="pt.up.fe.ldts.example6.TreeTest" time="0.001"/>
  <testcase name="testNextAppraisalOverdue()" classname="pt.up.fe.ldts.example6.TreeTest" time="0.0"/>
  <system-out><![CDATA[]]></system-out>
  <system-err><![CDATA[]]></system-err>
</testsuite>
