<?xml version="1.0" encoding="UTF-8"?>
<testsuite name="pt.up.fe.ldts.example2.ShapeTest" tests="6" skipped="0" failures="0" errors="0" timestamp="2022-01-03T11:11:12" hostname="greyhound.Home" time="0.48">
  <properties/>
  <testcase name="getAreaRectangle()" classname="pt.up.fe.ldts.example2.ShapeTest" time="0.011"/>
  <testcase name="getPerimeterCircle()" classname="pt.up.fe.ldts.example2.ShapeTest" time="0.001"/>
  <testcase name="drawCircle()" classname="pt.up.fe.ldts.example2.ShapeTest" time="0.463"/>
  <testcase name="getAreaCircle()" classname="pt.up.fe.ldts.example2.ShapeTest" time="0.001"/>
  <testcase name="getPerimeterRectangle()" classname="pt.up.fe.ldts.example2.ShapeTest" time="0.001"/>
  <testcase name="drawRectangle()" classname="pt.up.fe.ldts.example2.ShapeTest" time="0.002"/>
  <system-out><![CDATA[]]></system-out>
  <system-err><![CDATA[]]></system-err>
</testsuite>
