<?xml version="1.0" encoding="UTF-8"?>
<testsuite name="spaceInvaders.Menu.PositionTest" tests="6" skipped="0" failures="0" errors="0" timestamp="2022-12-24T04:43:16" hostname="LAPTOP-KNG80TCN" time="0.006">
  <properties/>
  <testcase name="differentClassTest()" classname="spaceInvaders.Menu.PositionTest" time="0.001"/>
  <testcase name="equalsTest()" classname="spaceInvaders.Menu.PositionTest" time="0.001"/>
  <testcase name="setXTest()" classname="spaceInvaders.Menu.PositionTest" time="0.001"/>
  <testcase name="setYTest()" classname="spaceInvaders.Menu.PositionTest" time="0.001"/>
  <testcase name="getXTest()" classname="spaceInvaders.Menu.PositionTest" time="0.001"/>
  <testcase name="getYTest()" classname="spaceInvaders.Menu.PositionTest" time="0.0"/>
  <system-out><![CDATA[]]></system-out>
  <system-err><![CDATA[]]></system-err>
</testsuite>
