<?xml version="1.0" encoding="UTF-8"?>
<testsuite name="spaceInvaders.Menu.Menu.GameWonMenuTest" tests="2" skipped="0" failures="0" errors="0" timestamp="2022-12-24T04:43:16" hostname="LAPTOP-KNG80TCN" time="0.004">
  <properties/>
  <testcase name="drawTest()" classname="spaceInvaders.Menu.Menu.GameWonMenuTest" time="0.002"/>
  <testcase name="getBackToMenuTest()" classname="spaceInvaders.Menu.Menu.GameWonMenuTest" time="0.001"/>
  <system-out><![CDATA[]]></system-out>
  <system-err><![CDATA[]]></system-err>
</testsuite>
