<?xml version="1.0" encoding="UTF-8"?>
<testsuite name="spaceInvaders.Menu.Menu.GameOverMenuTest" tests="2" skipped="0" failures="0" errors="0" timestamp="2022-12-24T04:43:15" hostname="LAPTOP-KNG80TCN" time="0.726">
  <properties/>
  <testcase name="drawTest()" classname="spaceInvaders.Menu.Menu.GameOverMenuTest" time="0.662"/>
  <testcase name="getBackToMenuTest()" classname="spaceInvaders.Menu.Menu.GameOverMenuTest" time="0.062"/>
  <system-out><![CDATA[]]></system-out>
  <system-err><![CDATA[]]></system-err>
</testsuite>
